This is XeTeX, Version 3.141592653-2.6-0.999993 (TeX Live 2021) (preloaded format=xelatex 2021.8.27)  9 APR 2022 21:07
entering extended mode
 restricted \write18 enabled.
 file:line:error style messages enabled.
 %&-line parsing enabled.
**/Users/wjq/Documents/myphd-thesis/final-latex/00-myThesis/Chapter/02_NS特征方程
(/Users/wjq/Documents/myphd-thesis/final-latex/00-myThesis/Chapter/02_NS特征方程.tex
LaTeX2e <2020-10-01> patch level 4
L3 programming layer <2021-02-18> (/usr/local/texlive/2021/texmf-dist/tex/latex/subfiles/subfiles.cls
Document Class: subfiles 2020/11/14 v2.2 Multi-file projects (class)
Preamble taken from file `MathematicsNumericsDerivationsAndOpenFOAM.tex'
(/usr/local/texlive/2021/texmf-dist/tex/latex/import/import.sty
Package: import 2020/04/01  v 6.2
)

! LaTeX Error: File `MathematicsNumericsDerivationsAndOpenFOAM.tex' not found.

Type X to quit or <RETURN> to proceed,
or enter new name. (Default extension: tex)

Enter file name: 
/usr/local/texlive/2021/texmf-dist/tex/latex/subfiles/subfiles.cls:45: Emergency stop.
<read *> 
         
l.45 \input{\preamble@file}
                           ^^M
*** (cannot \read from terminal in nonstop modes)

 
Here is how much of TeX's memory you used:
 60 strings out of 476919
 1455 string characters out of 5821840
 292912 words of memory out of 5000000
 20152 multiletter control sequences out of 15000+600000
 403430 words of font info for 27 fonts, out of 8000000 for 9000
 1348 hyphenation exceptions out of 8191
 53i,0n,60p,225b,13s stack positions out of 5000i,500n,10000p,200000b,80000s
No pages of output.
